<?xml version="1.0" encoding="UTF-8"?>
<!-- Generated by org.testng.reporters.JUnitXMLReporter -->
<testsuite hostname="SUBHASHA-PC" ignored="1" name="Default test" tests="3" failures="0" timestamp="07 Jul 2022 09:02:02 GMT" time="0.395" errors="0">
  <testcase name="testCase1" time="0.035" classname="testng.Groups"/>
  <testcase name="testCase2" time="0.002" classname="testng.Groups"/>
  <testcase name="testCase3" time="0.002" classname="testng.Groups"/>
  <testcase name="testCase4" time="0.0" classname="testng.Groups">
    <ignored/>
  </testcase> <!-- testCase4 -->
</testsuite> <!-- Default test -->
