<?xml version="1.0" encoding="UTF-8"?>
<testng-results skipped="0" failed="0" ignored="1" total="4" passed="3">
  <reporter-output>
  </reporter-output>
  <suite name="Default suite" duration-ms="395" started-at="2022-07-07T09:02:01Z" finished-at="2022-07-07T09:02:01Z">
    <groups>
      <group name="Regression">
        <method signature="Groups.testCase1()[pri:0, instance:testng.Groups@5f341870]" name="testCase1" class="testng.Groups"/>
        <method signature="Groups.testCase3()[pri:0, instance:testng.Groups@5f341870]" name="testCase3" class="testng.Groups"/>
      </group> <!-- Regression -->
      <group name="Smoke">
        <method signature="Groups.testCase2()[pri:0, instance:testng.Groups@5f341870]" name="testCase2" class="testng.Groups"/>
        <method signature="Groups.testCase3()[pri:0, instance:testng.Groups@5f341870]" name="testCase3" class="testng.Groups"/>
      </group> <!-- Smoke -->
    </groups>
    <test name="Default test" duration-ms="395" started-at="2022-07-07T09:02:01Z" finished-at="2022-07-07T09:02:01Z">
      <class name="testng.Groups">
        <test-method status="PASS" signature="testCase1()[pri:0, instance:testng.Groups@5f341870]" name="testCase1" duration-ms="35" started-at="2022-07-07T09:02:01Z" finished-at="2022-07-07T09:02:01Z">
          <reporter-output>
          </reporter-output>
        </test-method> <!-- testCase1 -->
        <test-method status="PASS" signature="testCase2()[pri:0, instance:testng.Groups@5f341870]" name="testCase2" duration-ms="2" started-at="2022-07-07T09:02:01Z" finished-at="2022-07-07T09:02:01Z">
          <reporter-output>
          </reporter-output>
        </test-method> <!-- testCase2 -->
        <test-method status="PASS" signature="testCase3()[pri:0, instance:testng.Groups@5f341870]" name="testCase3" duration-ms="2" started-at="2022-07-07T09:02:01Z" finished-at="2022-07-07T09:02:01Z">
          <reporter-output>
          </reporter-output>
        </test-method> <!-- testCase3 -->
      </class> <!-- testng.Groups -->
    </test> <!-- Default test -->
  </suite> <!-- Default suite -->
</testng-results>
